==== BD SUCESSO (2025-05-13 15:16:07) ====
ID: 12 | Email: maurocarlos.ti@gmail.com | Tipo: new
==============================
==== BD SUCESSO (2025-05-13 15:21:17) ====
ID: 13 | Email: maurocarlos.ti@gmail.com | Tipo: new
==============================
==== BD SUCESSO (2025-05-13 17:04:32) ====
ID: 14 | Email: maurocarlos.ti@gmail.com | Tipo: new
==============================
==== BD SUCESSO (2025-05-13 17:27:26) ====
ID: 15 | Email: maurocarlos.ti@gmail.com | Tipo: new
==============================
==== BD SUCESSO (2025-05-13 17:37:07) ====
ID: 16 | Email: maurocarlos.ti@gmail.com | Tipo: new
==============================
==== BD SUCESSO (2025-05-15 15:02:52) ====
ID: 17 | Email: maurocarlos.ti@gmail.com | Tipo: new
==============================
==== BD SUCESSO (2025-05-15 15:43:56) ====
ID: 18 | Email: diego2008tuc@gmail.com | Tipo: new
==============================
==== BD SUCESSO (2025-05-15 17:26:41) ====
ID: 19 | Email: keilareis67890@gmail.com | Tipo: new
==============================
==== BD SUCESSO (2025-05-15 18:34:11) ====
ID: 20 | Email: silvadeoliveiramichely@gmail.com | Tipo: new
==============================
==== BD SUCESSO (2025-05-15 18:38:40) ====
ID: 21 | Email: lucienesouaz@gmail.com | Tipo: new
==============================
==== BD SUCESSO (2025-05-15 18:51:43) ====
ID: 22 | Email: milenadasilvasantos434@gmail.com | Tipo: new
==============================
==== BD SUCESSO (2025-05-15 19:43:30) ====
ID: 23 | Email: tanianominato@gmail.com | Tipo: new
==============================
==== BD SUCESSO (2025-05-15 19:45:46) ====
ID: 24 | Email: ellyestumano123@gmail.com | Tipo: new
==============================
==== BD SUCESSO (2025-05-15 19:52:18) ====
ID: 25 | Email: ferreiragalvaoyasmim@gmail.com | Tipo: new
==============================
==== BD SUCESSO (2025-05-15 19:54:00) ====
ID: 26 | Email: dudinhaferreira124810@gmail.com | Tipo: new
==============================
==== BD SUCESSO (2025-05-15 19:55:48) ====
ID: 27 | Email: beatrizsilvamacedo2022@gmail.com | Tipo: new
==============================
==== BD SUCESSO (2025-05-15 19:59:34) ====
ID: 28 | Email: klebersantos1077@gmail.com | Tipo: new
==============================
==== BD SUCESSO (2025-05-15 20:04:23) ====
ID: 29 | Email: rayllanascimento14@gmail.com | Tipo: new
==============================
==== BD SUCESSO (2025-05-15 20:06:58) ====
ID: 30 | Email: cristianebatistan@gmail.com | Tipo: new
==============================
==== BD SUCESSO (2025-05-15 20:10:24) ====
ID: 31 | Email: adriellyborges34@gmail.com | Tipo: new
==============================
==== BD SUCESSO (2025-05-15 20:13:12) ====
ID: 32 | Email: vermota1068@gmail.com | Tipo: new
==============================
==== BD SUCESSO (2025-05-15 20:28:24) ====
ID: 33 | Email: cynthiacarolinnecunhaa@gmail.com | Tipo: new
==============================
==== BD SUCESSO (2025-05-15 20:31:37) ====
ID: 34 | Email: vp390282@gmail.com | Tipo: new
==============================
==== BD SUCESSO (2025-05-15 20:37:12) ====
ID: 35 | Email: katianegomescruz7@gmail.com | Tipo: new
==============================
==== BD SUCESSO (2025-05-16 19:57:49) ====
ID: 36 | Email: alvesvana07@gmail.com | Tipo: new
==============================
==== BD SUCESSO (2025-05-16 19:58:51) ====
ID: 37 | Email: vp390272@gmail.com | Tipo: new
==============================
==== BD SUCESSO (2025-05-16 20:02:45) ====
ID: 38 | Email: dielymaranhao1@gmail.com | Tipo: new
==============================
==== BD SUCESSO (2025-05-16 20:07:53) ====
ID: 39 | Email: jhenyvaladares83@gmail.com | Tipo: new
==============================
==== BD SUCESSO (2025-05-16 20:10:53) ====
ID: 40 | Email: kauany.vitoria789@icloud.com | Tipo: new
==============================
==== BD SUCESSO (2025-05-16 20:14:13) ====
ID: 41 | Email: duddamartins0223@gmail.com | Tipo: new
==============================
==== BD SUCESSO (2025-05-16 20:15:54) ====
ID: 42 | Email: Vmota1068@gmail.com | Tipo: new
==============================
==== BD SUCESSO (2025-05-16 20:18:10) ====
ID: 43 | Email: Vmota1068@gmail.com | Tipo: new
==============================
==== BD SUCESSO (2025-05-16 20:27:20) ====
ID: 44 | Email: yandracarine244@gmail.com | Tipo: new
==============================
==== BD SUCESSO (2025-05-16 20:30:37) ====
ID: 45 | Email: wcostalimaw@gmail.com | Tipo: new
==============================
==== BD SUCESSO (2025-05-16 20:31:12) ====
ID: 46 | Email: yandracarine224@gmail.com | Tipo: new
==============================
==== BD SUCESSO (2025-05-16 20:33:39) ====
ID: 47 | Email: bispocarmocassiane@gmail.com | Tipo: new
==============================
==== BD SUCESSO (2025-05-16 20:34:00) ====
ID: 48 | Email: bebecaalmeida951@gmail.com | Tipo: new
==============================
==== BD SUCESSO (2025-05-16 20:56:57) ====
ID: 49 | Email: nathaliaferreira30005@gmail.com | Tipo: new
==============================
==== BD SUCESSO (2025-05-16 21:19:47) ====
ID: 50 | Email: francineidebrandao024@gmail.com | Tipo: new
==============================
==== BD SUCESSO (2025-05-16 21:23:34) ====
ID: 50 | Email: francineidebrandao024@gmail.com | Tipo: update
==============================
==== BD SUCESSO (2025-05-16 22:42:33) ====
ID: 51 | Email: Sileiadacostarodriguesdesousa@gmail.com | Tipo: new
==============================
==== BD SUCESSO (2025-05-16 23:59:46) ====
ID: 52 | Email: arlet.maranguape@gmail.com | Tipo: new
==============================
==== BD SUCESSO (2025-05-17 00:57:22) ====
ID: 53 | Email: arianacipriano010@gmail.com | Tipo: new
==============================
==== BD SUCESSO (2025-05-17 01:45:13) ====
ID: 54 | Email: gesiannealves896@gmail.com | Tipo: new
==============================
==== BD SUCESSO (2025-05-17 02:11:48) ====
ID: 55 | Email: todinwar@gmail.com | Tipo: new
==============================
==== BD SUCESSO (2025-05-17 03:16:16) ====
ID: 56 | Email: silvajaquelina540@gmail.com | Tipo: new
==============================
==== BD SUCESSO (2025-05-17 11:38:50) ====
ID: 57 | Email: jonataluana1@gmail.com | Tipo: new
==============================
==== BD SUCESSO (2025-05-17 11:47:49) ====
ID: 58 | Email: leiditrindade195@gmail.com | Tipo: new
==============================
==== BD SUCESSO (2025-05-17 19:55:39) ====
ID: 59 | Email: fatimagalsao2004@gmail.com | Tipo: new
==============================
==== BD SUCESSO (2025-05-18 12:02:56) ====
ID: 60 | Email: sulianeferreira39@gmail.com | Tipo: new
==============================
==== BD SUCESSO (2025-05-18 12:10:01) ====
ID: 61 | Email: andriellyborges14@gmail.com | Tipo: new
==============================
==== BD SUCESSO (2025-05-18 13:45:08) ====
ID: 62 | Email: vs8819868@gmail.com | Tipo: new
==============================
