==== EMAIL ALUNO (2025-05-13 15:16:07) ====
Para: maurocarlos.ti@gmail.com | Resultado: ENVIADO
==============================
==== EMAIL ALUNO (2025-05-13 15:21:20) ====
Método: smtp | Para: maurocarlos.ti@gmail.com | Resultado: ENVIADO
==============================
==== EMAIL ALUNO (2025-05-13 17:04:35) ====
Método: smtp | Para: maurocarlos.ti@gmail.com | Resultado: ENVIADO
==============================
==== EMAIL ALUNO (2025-05-13 17:27:29) ====
Método: smtp | Para: maurocarlos.ti@gmail.com | Resultado: ENVIADO
==============================
==== EMAIL ALUNO (2025-05-13 17:37:10) ====
Método: smtp | Para: maurocarlos.ti@gmail.com | Resultado: ENVIADO
==============================
==== EMAIL ALUNO (2025-05-15 15:02:56) ====
Método: smtp | Para: maurocarlos.ti@gmail.com | Resultado: ENVIADO
==============================
==== EMAIL ALUNO (2025-05-15 15:43:59) ====
Método: smtp | Para: diego2008tuc@gmail.com | Resultado: ENVIADO
==============================
==== EMAIL ALUNO (2025-05-15 17:26:44) ====
Método: smtp | Para: keilareis67890@gmail.com | Resultado: ENVIADO
==============================
==== EMAIL ALUNO (2025-05-15 18:34:14) ====
Método: smtp | Para: silvadeoliveiramichely@gmail.com | Resultado: ENVIADO
==============================
==== EMAIL ALUNO (2025-05-15 18:38:44) ====
Método: smtp | Para: lucienesouaz@gmail.com | Resultado: ENVIADO
==============================
==== EMAIL ALUNO (2025-05-15 18:51:46) ====
Método: smtp | Para: milenadasilvasantos434@gmail.com | Resultado: ENVIADO
==============================
==== EMAIL ALUNO (2025-05-15 19:43:34) ====
Método: smtp | Para: tanianominato@gmail.com | Resultado: ENVIADO
==============================
==== EMAIL ALUNO (2025-05-15 19:45:49) ====
Método: smtp | Para: ellyestumano123@gmail.com | Resultado: ENVIADO
==============================
==== EMAIL ALUNO (2025-05-15 19:52:21) ====
Método: smtp | Para: ferreiragalvaoyasmim@gmail.com | Resultado: ENVIADO
==============================
==== EMAIL ALUNO (2025-05-15 19:54:03) ====
Método: smtp | Para: dudinhaferreira124810@gmail.com | Resultado: ENVIADO
==============================
==== EMAIL ALUNO (2025-05-15 19:55:51) ====
Método: smtp | Para: beatrizsilvamacedo2022@gmail.com | Resultado: ENVIADO
==============================
==== EMAIL ALUNO (2025-05-15 19:59:37) ====
Método: smtp | Para: klebersantos1077@gmail.com | Resultado: ENVIADO
==============================
==== EMAIL ALUNO (2025-05-15 20:04:27) ====
Método: smtp | Para: rayllanascimento14@gmail.com | Resultado: ENVIADO
==============================
==== EMAIL ALUNO (2025-05-15 20:07:01) ====
Método: smtp | Para: cristianebatistan@gmail.com | Resultado: ENVIADO
==============================
==== EMAIL ALUNO (2025-05-15 20:10:27) ====
Método: smtp | Para: adriellyborges34@gmail.com | Resultado: ENVIADO
==============================
==== EMAIL ALUNO (2025-05-15 20:13:15) ====
Método: smtp | Para: vermota1068@gmail.com | Resultado: ENVIADO
==============================
==== EMAIL ALUNO (2025-05-15 20:28:28) ====
Método: smtp | Para: cynthiacarolinnecunhaa@gmail.com | Resultado: ENVIADO
==============================
==== EMAIL ALUNO (2025-05-15 20:31:40) ====
Método: smtp | Para: vp390282@gmail.com | Resultado: ENVIADO
==============================
==== EMAIL ALUNO (2025-05-15 20:37:15) ====
Método: smtp | Para: katianegomescruz7@gmail.com | Resultado: ENVIADO
==============================
==== EMAIL ALUNO (2025-05-16 19:57:52) ====
Método: smtp | Para: alvesvana07@gmail.com | Resultado: ENVIADO
==============================
==== EMAIL ALUNO (2025-05-16 19:58:54) ====
Método: smtp | Para: vp390272@gmail.com | Resultado: ENVIADO
==============================
==== EMAIL ALUNO (2025-05-16 20:02:48) ====
Método: smtp | Para: dielymaranhao1@gmail.com | Resultado: ENVIADO
==============================
==== EMAIL ALUNO (2025-05-16 20:07:56) ====
Método: smtp | Para: jhenyvaladares83@gmail.com | Resultado: ENVIADO
==============================
==== EMAIL ALUNO (2025-05-16 20:10:56) ====
Método: smtp | Para: kauany.vitoria789@icloud.com | Resultado: ENVIADO
==============================
==== EMAIL ALUNO (2025-05-16 20:14:16) ====
Método: smtp | Para: duddamartins0223@gmail.com | Resultado: ENVIADO
==============================
==== EMAIL ALUNO (2025-05-16 20:15:57) ====
Método: smtp | Para: Vmota1068@gmail.com | Resultado: ENVIADO
==============================
==== EMAIL ALUNO (2025-05-16 20:18:13) ====
Método: smtp | Para: Vmota1068@gmail.com | Resultado: ENVIADO
==============================
==== EMAIL ALUNO (2025-05-16 20:27:23) ====
Método: smtp | Para: yandracarine244@gmail.com | Resultado: ENVIADO
==============================
==== EMAIL ALUNO (2025-05-16 20:30:40) ====
Método: smtp | Para: wcostalimaw@gmail.com | Resultado: ENVIADO
==============================
==== EMAIL ALUNO (2025-05-16 20:31:15) ====
Método: smtp | Para: yandracarine224@gmail.com | Resultado: ENVIADO
==============================
==== EMAIL ALUNO (2025-05-16 20:33:42) ====
Método: smtp | Para: bispocarmocassiane@gmail.com | Resultado: ENVIADO
==============================
==== EMAIL ALUNO (2025-05-16 20:34:04) ====
Método: smtp | Para: bebecaalmeida951@gmail.com | Resultado: ENVIADO
==============================
==== EMAIL ALUNO (2025-05-16 20:57:00) ====
Método: smtp | Para: nathaliaferreira30005@gmail.com | Resultado: ENVIADO
==============================
==== EMAIL ALUNO (2025-05-16 21:19:50) ====
Método: smtp | Para: francineidebrandao024@gmail.com | Resultado: ENVIADO
==============================
==== EMAIL ALUNO (2025-05-16 21:23:37) ====
Método: smtp | Para: francineidebrandao024@gmail.com | Resultado: ENVIADO
==============================
==== EMAIL ALUNO (2025-05-16 22:42:36) ====
Método: smtp | Para: Sileiadacostarodriguesdesousa@gmail.com | Resultado: ENVIADO
==============================
==== EMAIL ALUNO (2025-05-16 23:59:50) ====
Método: smtp | Para: arlet.maranguape@gmail.com | Resultado: ENVIADO
==============================
==== EMAIL ALUNO (2025-05-17 00:57:26) ====
Método: smtp | Para: arianacipriano010@gmail.com | Resultado: ENVIADO
==============================
==== EMAIL ALUNO (2025-05-17 01:45:17) ====
Método: smtp | Para: gesiannealves896@gmail.com | Resultado: ENVIADO
==============================
==== EMAIL ALUNO (2025-05-17 02:11:51) ====
Método: smtp | Para: todinwar@gmail.com | Resultado: ENVIADO
==============================
==== EMAIL ALUNO (2025-05-17 03:16:19) ====
Método: smtp | Para: silvajaquelina540@gmail.com | Resultado: ENVIADO
==============================
==== EMAIL ALUNO (2025-05-17 11:38:54) ====
Método: smtp | Para: jonataluana1@gmail.com | Resultado: ENVIADO
==============================
==== EMAIL ALUNO (2025-05-17 11:47:52) ====
Método: smtp | Para: leiditrindade195@gmail.com | Resultado: ENVIADO
==============================
==== EMAIL ALUNO (2025-05-17 19:55:43) ====
Método: smtp | Para: fatimagalsao2004@gmail.com | Resultado: ENVIADO
==============================
==== EMAIL ALUNO (2025-05-18 12:02:59) ====
Método: smtp | Para: sulianeferreira39@gmail.com | Resultado: ENVIADO
==============================
==== EMAIL ALUNO (2025-05-18 12:10:05) ====
Método: smtp | Para: andriellyborges14@gmail.com | Resultado: ENVIADO
==============================
==== EMAIL ALUNO (2025-05-18 13:45:12) ====
Método: smtp | Para: vs8819868@gmail.com | Resultado: ENVIADO
==============================
