==== REQUISIÇÃO (2025-05-13 15:16:07) ====
poloId: igarape-miri
poloName: Igarapé-Miri
categoryId: 1
categoryName: Técnico em Enfermagem 
firstName: MAURO CARLOS
lastName: DE SA
email: maurocarlos.ti@gmail.com
phone: (94) 98170-9809
cpf: 031.839.245-36
address: Rua Santo Antônio
city: Tucuruí
state: PA
zipCode: 68458-471
educationLevel: pos
==============================
==== REQUISIÇÃO (2025-05-13 15:21:17) ====
poloId: igarape-miri
poloName: Igarapé-Miri
categoryId: 1
categoryName: Técnico em Enfermagem 
firstName: MAURO CARLOS
lastName: DE SA
email: maurocarlos.ti@gmail.com
phone: (94) 98170-9809
cpf: 031.839.245-36
address: Rua Santo Antônio
city: Tucuruí
state: PA
zipCode: 68458-471
educationLevel: 
==============================
==== REQUISIÇÃO (2025-05-13 17:04:32) ====
poloId: igarape-miri
poloName: Igarapé-Miri
categoryId: 1
categoryName: Técnico em Enfermagem 
firstName: MAURO CARLOS
lastName: DE SA
email: maurocarlos.ti@gmail.com
phone: (94) 98170-9809
cpf: 031.839.245-36
address: Rua Santo Antônio
city: Tucuruí
state: PA
zipCode: 68458-471
educationLevel: 
==============================
==== REQUISIÇÃO (2025-05-13 17:27:26) ====
poloId: igarape-miri
poloName: Igarapé-Miri
categoryId: 1
categoryName: Técnico em Enfermagem 
firstName: MAURO CARLOS
lastName: DE SA
email: maurocarlos.ti@gmail.com
phone: (94) 98170-9809
cpf: 031.839.245-36
address: Rua Santo Antônio
city: Tucuruí
state: PA
zipCode: 68458-471
educationLevel: 
==============================
==== REQUISIÇÃO (2025-05-13 17:37:07) ====
poloId: igarape-miri
poloName: Igarapé-Miri
categoryId: 1
categoryName: Técnico em Enfermagem 
firstName: MAURO CARLOS
lastName: DE SA
email: maurocarlos.ti@gmail.com
phone: (94) 98170-9809
cpf: 031.839.245-36
address: Rua Santo Antônio
city: Tucuruí
state: PA
zipCode: 68458-471
educationLevel: 
==============================
==== REQUISIÇÃO (2025-05-15 15:02:14) ====
poloId: breu-branco
poloName: Breu Branco
categoryId: 1
categoryName: Técnico em Enfermagem
firstName: TESTE
lastName: 1
email: maurocarlos.ti@gmail.com
phone: (94) 98170-9809
cpf: 031.839.245-36
address: Rua Santo Antônio
city: Tucuruí
state: PA
zipCode: 68458-471
educationLevel: mestrado
==============================
==== REQUISIÇÃO (2025-05-15 15:02:52) ====
poloId: breu-branco
poloName: Breu Branco
categoryId: 6
categoryName: Técnico em Segurança do trabalho
firstName: TESTE
lastName: 1
email: maurocarlos.ti@gmail.com
phone: (94) 98170-9809
cpf: 031.839.245-36
address: Rua Santo Antônio
city: Tucuruí
state: PA
zipCode: 68458-471
educationLevel: mestrado
==============================
==== REQUISIÇÃO (2025-05-15 15:43:56) ====
poloId: breu-branco
poloName: Breu Branco
categoryId: 1
categoryName: Técnico em Enfermagem
firstName: Carlos
lastName: Santos
email: diego2008tuc@gmail.com
phone: (94) 98160-6474
cpf: 032.643.651-03
address: Rua Bragança n63
city: Tucuruí
state: PA
zipCode: 68455-705
educationLevel: medio
==============================
==== REQUISIÇÃO (2025-05-15 17:26:41) ====
poloId: breu-branco
poloName: Breu Branco
categoryId: 1
categoryName: Técnico em Enfermagem
coursePrice: 337
courseInstallments: 24x de R$ 259,00
firstName: queila 
lastName: reis da silva 
email: keilareis67890@gmail.com
phone: (94) 99249-6844
cpf: 052.257.332-04
address: valter junior 
city: breu branco
state: PA
zipCode: 68488-000
educationLevel: superior
==============================
==== REQUISIÇÃO (2025-05-15 18:34:11) ====
poloId: breu-branco
poloName: Breu Branco
categoryId: 1
categoryName: Técnico em Enfermagem
coursePrice: 4599
courseInstallments: 24x de R$ 259,00
firstName: MICHELY 
lastName:  SILVA DE OLIVEIRA VIANA
email: silvadeoliveiramichely@gmail.com
phone: (94) 99149-3406
cpf: 763.713.602-72
address: AV BRASILIA 
city: breu branco
state: PA
zipCode: 68488-000
educationLevel: medio
==============================
==== REQUISIÇÃO (2025-05-15 18:38:40) ====
poloId: breu-branco
poloName: Breu Branco
categoryId: 1
categoryName: Técnico em Enfermagem
coursePrice: 4599
courseInstallments: 24x de R$ 259,00
firstName: RUCIENE 
lastName: DE SOUZA
email: lucienesouaz@gmail.com
phone: (94) 98448-0690
cpf: 702.834.582-32
address: WALTER JUNIOR 
city: breu branco
state: PA
zipCode: 68488-000
educationLevel: medio
==============================
==== REQUISIÇÃO (2025-05-15 18:51:43) ====
poloId: breu-branco
poloName: Breu Branco
categoryId: 1
categoryName: Técnico em Enfermagem
coursePrice: 4599
courseInstallments: 24x de R$ 259,00
firstName: MILENA 
lastName: DA SILVA SANTOS
email: milenadasilvasantos434@gmail.com
phone: (94) 99140-5119
cpf: 047.552.382-26
address: RUA FLORIANO PEIXOTO
city: breu branco
state: PA
zipCode: 68488-000
educationLevel: medio
==============================
==== REQUISIÇÃO (2025-05-15 19:43:30) ====
poloId: breu-branco
poloName: Breu Branco
categoryId: 1
categoryName: Técnico em enfermagem 09
coursePrice: 4599
courseInstallments: 24x de R$ 259,00
firstName: TANIA 
lastName: NOMINATO LIMA
email: tanianominato@gmail.com
phone: (94) 98424-1506
cpf: 057.405.752-81
address: RUA: ARCO IRIS
city: breu branco
state: PA
zipCode: 68488-000
educationLevel: 
==============================
==== REQUISIÇÃO (2025-05-15 19:45:46) ====
poloId: breu-branco
poloName: Breu Branco
categoryId: 1
categoryName: Técnico em enfermagem 09
coursePrice: 4599
courseInstallments: 24x de R$ 259,00
firstName: ELLY 
lastName: ESTUMANO FARIAS
email: ellyestumano123@gmail.com
phone: (94) 99124-7476
cpf: 004.660.972-55
address: RUA SAO TIAGO
city: breu branco
state: PA
zipCode: 68488-000
educationLevel: 
==============================
==== REQUISIÇÃO (2025-05-15 19:52:18) ====
poloId: breu-branco
poloName: Breu Branco
categoryId: 1
categoryName: Técnico em enfermagem 09
coursePrice: 4599
courseInstallments: 24x de R$ 259,00
firstName: YASMIN 
lastName: FERREIRA GALVÃO
email: ferreiragalvaoyasmim@gmail.com
phone: (94) 99135-7615
cpf: 057.701.232-06
address: MALHEIRO MOTA 
city: 
state: PA
zipCode: 68488-000
educationLevel: medio
==============================
==== REQUISIÇÃO (2025-05-15 19:54:00) ====
poloId: breu-branco
poloName: Breu Branco
categoryId: 1
categoryName: Técnico em enfermagem 09
coursePrice: 4599
courseInstallments: 24x de R$ 259,00
firstName: MARIA EDUARDA 
lastName:  FERREIRA DOS SANTOS
email: dudinhaferreira124810@gmail.com
phone: (94) 98400-5642
cpf: 081.882.062-45
address: SÃO LUCAS
city: breu branco
state: PA
zipCode: 68488-000
educationLevel: medio
==============================
==== REQUISIÇÃO (2025-05-15 19:55:48) ====
poloId: breu-branco
poloName: Breu Branco
categoryId: 1
categoryName: Técnico em enfermagem 09
coursePrice: 4599
courseInstallments: 24x de R$ 259,00
firstName: BEATRIZ 
lastName: DA SILVA MACEDO
email: beatrizsilvamacedo2022@gmail.com
phone: (94) 99128-0849
cpf: 051.431.542-35
address: RUA SUDOESTE
city: breu branco
state: PA
zipCode: 68488-000
educationLevel: medio
==============================
==== REQUISIÇÃO (2025-05-15 19:59:34) ====
poloId: breu-branco
poloName: Breu Branco
categoryId: 1
categoryName: Técnico em enfermagem 09
coursePrice: 4599
courseInstallments: 24x de R$ 259,00
firstName: INAJARA 
lastName:  DIAS DE OLIVEIRA
email: klebersantos1077@gmail.com
phone: (94) 99153-1594
cpf: 014.043.832-71
address: RUA SÃO PEDRO
city: breu branco
state: PA
zipCode: 68488-000
educationLevel: medio
==============================
==== REQUISIÇÃO (2025-05-15 20:04:23) ====
poloId: breu-branco
poloName: Breu Branco
categoryId: 1
categoryName: Técnico em enfermagem 09
coursePrice: 4599
courseInstallments: 24x de R$ 259,00
firstName: RAILA 
lastName: NASCIMENTO DE SENA
email: rayllanascimento14@gmail.com
phone: (94) 99273-5068
cpf: 063.704.472-00
address: QUADRA 10 LOTE 11
city: breu branco
state: PA
zipCode: 68488-000
educationLevel: medio
==============================
==== REQUISIÇÃO (2025-05-15 20:06:58) ====
poloId: breu-branco
poloName: Breu Branco
categoryId: 1
categoryName: Técnico em enfermagem 09
coursePrice: 4599
courseInstallments: 24x de R$ 259,00
firstName: CRISTIANE 
lastName:  BATISTA NASCIMENTO
email: cristianebatistan@gmail.com
phone: (94) 99155-8600
cpf: 780.005.302-44
address: RUA PIAUÍ
city: breu branco
state: PA
zipCode: 68488-000
educationLevel: medio
==============================
==== REQUISIÇÃO (2025-05-15 20:10:24) ====
poloId: breu-branco
poloName: Breu Branco
categoryId: 1
categoryName: Técnico em enfermagem 09
coursePrice: 4599
courseInstallments: 24x de R$ 259,00
firstName: ADRIELLY 
lastName: DA CRUZ BORGES DOS SANTOS
email: adriellyborges34@gmail.com
phone: (91) 98559-0825
cpf: 054.711.862-73
address: SÃO LUCAS 
city: breu branco
state: PA
zipCode: 68488-000
educationLevel: medio
==============================
==== REQUISIÇÃO (2025-05-15 20:13:12) ====
poloId: breu-branco
poloName: Breu Branco
categoryId: 1
categoryName: Técnico em enfermagem 09
coursePrice: 4599
courseInstallments: 24x de R$ 259,00
firstName: VANESSA
lastName:  DO CARMO MOTA
email: vermota1068@gmail.com
phone: (94) 99198-8300
cpf: 086.986.252-90
address: AREAL PITINGA 
city: breu branco
state: PA
zipCode: 68488-000
educationLevel: medio
==============================
==== REQUISIÇÃO (2025-05-15 20:28:24) ====
poloId: breu-branco
poloName: Breu Branco
categoryId: 1
categoryName: Técnico em enfermagem 09
coursePrice: 4599
courseInstallments: 24x de R$ 259,00
firstName: CYNTHIA CAROLINE CUNHA SANTOS
lastName: CUNHA SANTOS
email: cynthiacarolinnecunhaa@gmail.com
phone: (94) 99184-3342
cpf: 073.045.822-94
address: DEPUTADO BELÉM 
city: breu branco
state: PA
zipCode: 68488-000
educationLevel: medio
==============================
==== REQUISIÇÃO (2025-05-15 20:31:37) ====
poloId: breu-branco
poloName: Breu Branco
categoryId: 1
categoryName: Técnico em enfermagem 09
coursePrice: 4599
courseInstallments: 24x de R$ 259,00
firstName: VITORIA 
lastName: SOUSA PEREIRA
email: vp390282@gmail.com
phone: (94) 99102-7906
cpf: 017.901.552-40
address: SÃO MATEUS 
city: breu branco
state: PA
zipCode: 68488-000
educationLevel: medio
==============================
==== REQUISIÇÃO (2025-05-15 20:37:12) ====
poloId: breu-branco
poloName: Breu Branco
categoryId: 1
categoryName: Técnico em enfermagem 09
coursePrice: 4599
courseInstallments: 24x de R$ 259,00
firstName: KATIANA
lastName: GOMES CRUZ
email: katianegomescruz7@gmail.com
phone: (91) 99169-2555
cpf: 053.291.842-82
address: SÃO MARCOS 
city: breu branco
state: PA
zipCode: 68488-000
educationLevel: medio
==============================
==== REQUISIÇÃO (2025-05-16 17:47:09) ====
poloId: breu-branco
poloName: Breu Branco
categoryId: 1
categoryName: Técnico em Enfermagem 09
coursePrice: 4599
courseInstallments: 24x de R$ 259,00
firstName: Joazinho
lastName: zb
email: diego2008tuc@gmail.com
phone: (94) 98160-6474
cpf: 032.643.651-03
address: Rua Bragança n63
city: Tucuruí
state: PA
zipCode: 68455-705
educationLevel: medio
==============================
==== REQUISIÇÃO (2025-05-16 19:57:49) ====
poloId: breu-branco
poloName: Breu Branco
categoryId: 21
categoryName: Técnico em Enfermagem 08
coursePrice: 4599
courseInstallments: 24x de R$ 259,00
firstName: Geovana 
lastName: Lima alves
email: alvesvana07@gmail.com
phone: (94) 99289-2705
cpf: 103.788.452-33
address: Olinda cavalgante 
city: Breu Branco 
state: PA
zipCode: 68488-000
educationLevel: tecnico
==============================
==== REQUISIÇÃO (2025-05-16 19:58:51) ====
poloId: breu-branco
poloName: Breu Branco
categoryId: 1
categoryName: Técnico em Enfermagem 09
coursePrice: 4599
courseInstallments: 24x de R$ 259,00
firstName: Vitória Sousa
lastName: Pereira 
email: vp390272@gmail.com
phone: (94) 99102-7906
cpf: 017.901.552-40
address: Rua: São Mateus, N°16 , Bairro: Santa Catarina 
city: Breu Branco 
state: PA
zipCode: 68488-000
educationLevel: tecnico
==============================
==== REQUISIÇÃO (2025-05-16 20:02:45) ====
poloId: breu-branco
poloName: Breu Branco
categoryId: 1
categoryName: Técnico em Enfermagem 09
coursePrice: 4599
courseInstallments: 24x de R$ 259,00
firstName: Diely 
lastName: Maranhão 
email: dielymaranhao1@gmail.com
phone: (94) 99235-3276
cpf: 047.368.092-05
address: Zona rural 
city: Breu branco 
state: PA
zipCode: 68488-000
educationLevel: tecnico
==============================
==== REQUISIÇÃO (2025-05-16 20:02:46) ====
poloId: breu-branco
poloName: Breu Branco
categoryId: 1
categoryName: Técnico em Enfermagem 09
coursePrice: 4599
courseInstallments: 24x de R$ 259,00
firstName: Beatriz 
lastName: Da S. Macedo 
email: beatrizsilvamacedo2022@gmail.com
phone: (94) 99128-0849
cpf: 051.431.542-35
address: Bairro:bela Vista Rua:Suldoeste 15
city: Breu Branco 
state: PA
zipCode: 68488-000
educationLevel: tecnico
==============================
==== REQUISIÇÃO (2025-05-16 20:02:59) ====
poloId: breu-branco
poloName: Breu Branco
categoryId: 1
categoryName: Técnico em Enfermagem 09
coursePrice: 4599
courseInstallments: 24x de R$ 259,00
firstName: Beatriz 
lastName: Da S. Macedo 
email: beatrizsilvamacedo2022@gmail.com
phone: (94) 99128-0849
cpf: 051.431.542-35
address: Bairro:bela Vista Rua:Suldoeste 15
city: Breu Branco 
state: PA
zipCode: 68488-000
educationLevel: tecnico
==============================
==== REQUISIÇÃO (2025-05-16 20:03:55) ====
poloId: breu-branco
poloName: Breu Branco
categoryId: 1
categoryName: Técnico em Enfermagem 09
coursePrice: 4599
courseInstallments: 24x de R$ 259,00
firstName: Beatriz 
lastName: Da S. Macedo 
email: beatrizsilvamacedo2022@gmail.com
phone: (94) 99128-0849
cpf: 051.431.542-35
address: Bairro:bela Vista Rua:Suldoeste 15
city: Breu Branco 
state: PA
zipCode: 68488-000
educationLevel: tecnico
==============================
==== REQUISIÇÃO (2025-05-16 20:04:11) ====
poloId: breu-branco
poloName: Breu Branco
categoryId: 1
categoryName: Técnico em Enfermagem 09
coursePrice: 4599
courseInstallments: 24x de R$ 259,00
firstName: Beatriz 
lastName: Da S. Macedo 
email: beatrizsilvamacedo2022@gmail.com
phone: (94) 99128-0849
cpf: 051.431.542-35
address: Bairro:bela Vista Rua:Suldoeste 15
city: Breu Branco 
state: PA
zipCode: 68488-000
educationLevel: tecnico
==============================
==== REQUISIÇÃO (2025-05-16 20:07:53) ====
poloId: breu-branco
poloName: Breu Branco
categoryId: 16
categoryName: Técnico em Enfermagem 10
coursePrice: 4599
courseInstallments: 24x de R$ 259,00
firstName: Jhennfyr
lastName: Valadares 
email: jhenyvaladares83@gmail.com
phone: (94) 99142-6146
cpf: 058.564.522-16
address: Santa André 
city: Breu Branco 
state: PA
zipCode: 68488-000
educationLevel: medio
==============================
==== REQUISIÇÃO (2025-05-16 20:10:53) ====
poloId: breu-branco
poloName: Breu Branco
categoryId: 21
categoryName: Técnico em Enfermagem 08
coursePrice: 4599
courseInstallments: 24x de R$ 259,00
firstName: Kauany vitória 
lastName: Vitória 
email: kauany.vitoria789@icloud.com
phone: (94) 99290-9066
cpf: 062.540.772-56
address: Rua b número 12
city: Breu Branco 
state: PA
zipCode: 68488-000
educationLevel: tecnico
==============================
==== REQUISIÇÃO (2025-05-16 20:14:13) ====
poloId: breu-branco
poloName: Breu Branco
categoryId: 16
categoryName: Técnico em Enfermagem 10
coursePrice: 4599
courseInstallments: 24x de R$ 259,00
firstName: Maria Eduarda
lastName: Silva martins 
email: duddamartins0223@gmail.com
phone: (94) 98413-1758
cpf: 054.783.332-17
address: Rua Marcelina Alves 
city: Breu Branco 
state: PA
zipCode: 68488-000
educationLevel: medio
==============================
==== REQUISIÇÃO (2025-05-16 20:15:54) ====
poloId: breu-branco
poloName: Breu Branco
categoryId: 1
categoryName: Técnico em Enfermagem 09
coursePrice: 4599
courseInstallments: 24x de R$ 259,00
firstName: Vanessa do Carmo 
lastName: Mota
email: Vmota1068@gmail.com
phone: (94) 99198-8300
cpf: 086.986.252-90
address: Rua Piauí
city: Breu Branco
state: PA
zipCode: 68488-000
educationLevel: medio
==============================
==== REQUISIÇÃO (2025-05-16 20:18:10) ====
poloId: breu-branco
poloName: Breu Branco
categoryId: 16
categoryName: Técnico em Enfermagem 10
coursePrice: 4599
courseInstallments: 24x de R$ 259,00
firstName: Vanessa do Carmo
lastName: Mota
email: Vmota1068@gmail.com
phone: (94) 99198-8300
cpf: 086.986.252-90
address: Rua Piauí
city: Breu Branco
state: PA
zipCode: 68488-000
educationLevel: medio
==============================
==== REQUISIÇÃO (2025-05-16 20:27:20) ====
poloId: breu-branco
poloName: Breu Branco
categoryId: 16
categoryName: Técnico em Enfermagem 10
coursePrice: 4599
courseInstallments: 24x de R$ 259,00
firstName: Yandra 
lastName: Carine 
email: yandracarine244@gmail.com
phone: (94) 98419-1403
cpf: 086.602.922-27
address: Costa Rica Bairro continental 
city: Breu Branco 
state: PA
zipCode: 68488-000
educationLevel: tecnico
==============================
==== REQUISIÇÃO (2025-05-16 20:30:37) ====
poloId: breu-branco
poloName: Breu Branco
categoryId: 1
categoryName: Técnico em Enfermagem 09
coursePrice: 4599
courseInstallments: 24x de R$ 259,00
firstName: Wectory 
lastName: Cley Lima da Costa
email: wcostalimaw@gmail.com
phone: (94) 98427-2782
cpf: 064.968.362-56
address: Rua Santos Dumont
city: Tucuruí 
state: PA
zipCode: 68456-460
educationLevel: superior
==============================
==== REQUISIÇÃO (2025-05-16 20:31:12) ====
poloId: breu-branco
poloName: Breu Branco
categoryId: 16
categoryName: Técnico em Enfermagem 10
coursePrice: 4599
courseInstallments: 24x de R$ 259,00
firstName: Yandra 
lastName: Carine 
email: yandracarine224@gmail.com
phone: (94) 98419-1403
cpf: 086.602.922-27
address: Costa Rica Bairro continental 
city: Breu branco 
state: PA
zipCode: 68488-000
educationLevel: tecnico
==============================
==== REQUISIÇÃO (2025-05-16 20:33:39) ====
poloId: breu-branco
poloName: Breu Branco
categoryId: 21
categoryName: Técnico em Enfermagem 08
coursePrice: 4599
courseInstallments: 24x de R$ 259,00
firstName: Cassiane 
lastName: Bispo Carmo 
email: bispocarmocassiane@gmail.com
phone: (94) 99203-0363
cpf: 059.746.812-58
address: Novo Horizonte. R:Bahia N:127 
city: Breu branco 
state: PA
zipCode: 68488-000
educationLevel: tecnico
==============================
==== REQUISIÇÃO (2025-05-16 20:34:00) ====
poloId: breu-branco
poloName: Breu Branco
categoryId: 16
categoryName: Técnico em Enfermagem 10
coursePrice: 4599
courseInstallments: 24x de R$ 259,00
firstName: Rebeca 
lastName: Almeida Sousa Brasil 
email: bebecaalmeida951@gmail.com
phone: (94) 99207-1775
cpf: 062.796.462-11
address: Av Sebastião Camargo Correa 
city: Breu Branco
state: PA
zipCode: 68488-000
educationLevel: medio
==============================
==== REQUISIÇÃO (2025-05-16 20:56:57) ====
poloId: breu-branco
poloName: Breu Branco
categoryId: 21
categoryName: Técnico em Enfermagem 08
coursePrice: 4599
courseInstallments: 24x de R$ 259,00
firstName: Natália 
lastName: Bezerra Ferreira 
email: nathaliaferreira30005@gmail.com
phone: (94) 99296-9710
cpf: 079.255.792-18
address: Rua: são Pedro N°18
city: Breu Branco 
state: PA
zipCode: 68488-000
educationLevel: tecnico
==============================
==== REQUISIÇÃO (2025-05-16 21:19:47) ====
poloId: breu-branco
poloName: Breu Branco
categoryId: 21
categoryName: Técnico em Enfermagem 08
coursePrice: 4599
courseInstallments: 24x de R$ 259,00
firstName: Francineide Brandão 
lastName: Brandão Cunha 
email: francineidebrandao024@gmail.com
phone: (94) 99202-1866
cpf: 015.892.922-51
address: João Pereira 50
city: Breu Branco 
state: PA
zipCode: 68488-000
educationLevel: medio
==============================
==== REQUISIÇÃO (2025-05-16 21:23:34) ====
poloId: breu-branco
poloName: Breu Branco
categoryId: 21
categoryName: Técnico em Enfermagem 08
coursePrice: 4599
courseInstallments: 24x de R$ 259,00
firstName: Francineide Brandão
lastName: Cunha
email: francineidebrandao024@gmail.com
phone: (94) 99202-1866
cpf: 015.892.922-51
address: João Pereira 
city: Breu Branco
state: PA
zipCode: 68488-000
educationLevel: medio
==============================
==== REQUISIÇÃO (2025-05-16 22:42:33) ====
poloId: breu-branco
poloName: Breu Branco
categoryId: 16
categoryName: Técnico em Enfermagem 10
coursePrice: 4599
courseInstallments: 24x de R$ 259,00
firstName: Sileia 
lastName: Da Costa  Rodrigues de Sousa 
email: Sileiadacostarodriguesdesousa@gmail.com
phone: (94) 99286-5597
cpf: 008.558.772-25
address: Leonina babosa 
city: Breu Branco 
state: PA
zipCode: 68488-000
educationLevel: medio
==============================
==== REQUISIÇÃO (2025-05-16 23:59:46) ====
poloId: breu-branco
poloName: Breu Branco
categoryId: 21
categoryName: Técnico em Enfermagem 08
coursePrice: 4599
courseInstallments: 24x de R$ 259,00
firstName: ARLETIANE 
lastName: MARANGUAPE DA SILVA SANTOS
email: arlet.maranguape@gmail.com
phone: (94) 99128-5379
cpf: 947.579.682-72
address: RUA BAHIA Nº97
city: BREU BRANCO
state: PA
zipCode: 68488-000
educationLevel: medio
==============================
==== REQUISIÇÃO (2025-05-17 00:57:22) ====
poloId: breu-branco
poloName: Breu Branco
categoryId: 16
categoryName: Técnico em Enfermagem 10
coursePrice: 4599
courseInstallments: 24x de R$ 259,00
firstName: Ariana 
lastName: Cipriano 
email: arianacipriano010@gmail.com
phone: (94) 99155-039
cpf: 028.142.482-94
address: Rua da jaqueira número 100 conquista 
city: Breu branco 
state: PA
zipCode: 68488-00
educationLevel: medio
==============================
==== REQUISIÇÃO (2025-05-17 01:45:13) ====
poloId: breu-branco
poloName: Breu Branco
categoryId: 16
categoryName: Técnico em Enfermagem 10
coursePrice: 4599
courseInstallments: 24x de R$ 259,00
firstName: Gesianne
lastName: Alves Mourão 
email: gesiannealves896@gmail.com
phone: (94) 98411-0193
cpf: 618.411.923-09
address: Travessa Amazonas 
city: Breu branco
state: PA
zipCode: 68488-000
educationLevel: medio
==============================
==== REQUISIÇÃO (2025-05-17 02:11:48) ====
poloId: breu-branco
poloName: Breu Branco
categoryId: 16
categoryName: Técnico em Enfermagem 10
coursePrice: 4599
courseInstallments: 24x de R$ 259,00
firstName: Rafael  
lastName: Araújo Dos Santos 
email: todinwar@gmail.com
phone: (94) 99242-1451
cpf: 052.320.912-63
address: Atravessar esperança 
city: Breu branco 
state: PA
zipCode: 68488-000
educationLevel: 
==============================
==== REQUISIÇÃO (2025-05-17 03:16:16) ====
poloId: breu-branco
poloName: Breu Branco
categoryId: 21
categoryName: Técnico em Enfermagem 08
coursePrice: 4599
courseInstallments: 24x de R$ 259,00
firstName: JAQUELINA SOUSA 
lastName: SILVA 
email: silvajaquelina540@gmail.com
phone: (94) 99134-7158
cpf: 883.555.192-72
address: Parauapebas quadra 12 Lote 12 Ismar Vilela 01 
city: Breu Branco
state: PA
zipCode: 68488-000
educationLevel: medio
==============================
==== REQUISIÇÃO (2025-05-17 11:38:50) ====
poloId: breu-branco
poloName: Breu Branco
categoryId: 16
categoryName: Técnico em Enfermagem 10
coursePrice: 4599
courseInstallments: 24x de R$ 259,00
firstName: Luana 
lastName: Gaia Barbosa 
email: jonataluana1@gmail.com
phone: (91) 99397-4850
cpf: 055.021.971-40
address: NSRA DA CONCEIÇÃO, 31
city: Baião
state: PA
zipCode: 68465-00
educationLevel: medio
==============================
==== REQUISIÇÃO (2025-05-17 11:47:49) ====
poloId: breu-branco
poloName: Breu Branco
categoryId: 1
categoryName: Técnico em Enfermagem 09
coursePrice: 4599
courseInstallments: 24x de R$ 259,00
firstName: Leidiane maia trindade 
lastName: Maia 
email: leiditrindade195@gmail.com
phone: (94) 99145-3800
cpf: 082.775.992-42
address: Vila muru
city: Breu branco 
state: PA
zipCode: 68480-000
educationLevel: medio
==============================
==== REQUISIÇÃO (2025-05-17 19:55:39) ====
poloId: breu-branco
poloName: Breu Branco
categoryId: 21
categoryName: Técnico em Enfermagem 08
coursePrice: 4599
courseInstallments: 24x de R$ 259,00
firstName: Maria de Fátima 
lastName: Pinto Gonçalves 
email: fatimagalsao2004@gmail.com
phone: (94) 99153-6719
cpf: 049.758.622-39
address: Rua: Malheiro moto, 108   B: Conquista 
city: Breu branco 
state: PA
zipCode: 68488-000
educationLevel: medio
==============================
==== REQUISIÇÃO (2025-05-18 12:02:56) ====
poloId: breu-branco
poloName: Breu Branco
categoryId: 16
categoryName: Técnico em Enfermagem 10
coursePrice: 4599
courseInstallments: 24x de R$ 259,00
firstName: Suliane  
lastName: Sacramento ferreira 
email: sulianeferreira39@gmail.com
phone: (55) 94992-0191
cpf: 024.513.652-50
address: Estrada das criolas
city: Breu branco 
state: PA
zipCode: 68488-000
educationLevel: medio
==============================
==== REQUISIÇÃO (2025-05-18 12:10:01) ====
poloId: breu-branco
poloName: Breu Branco
categoryId: 21
categoryName: Técnico em Enfermagem 08
coursePrice: 4599
courseInstallments: 24x de R$ 259,00
firstName: Andrielly da cruz Borges 
lastName: Dos santos 
email: andriellyborges14@gmail.com
phone: (94) 98446-7543
cpf: 054.711.862-73
address: Rua Ceará bairro Novo Horizonte
city: Breu Branco 
state: PA
zipCode: 
educationLevel: medio
==============================
==== REQUISIÇÃO (2025-05-18 13:45:08) ====
poloId: breu-branco
poloName: Breu Branco
categoryId: 16
categoryName: Técnico em Enfermagem 10
coursePrice: 4599
courseInstallments: 24x de R$ 259,00
firstName: Valéria da Silva dos Santos 
lastName: Silva 
email: vs8819868@gmail.com
phone: (94) 99208-7013
cpf: 021.708.232-71
address: Joaquim Fonseca 
city: Breu branco 
state: PA
zipCode: 68488-000
educationLevel: 
==============================
