==== SUCESSO FINAL (2025-05-13 15:16:10) ====
ID: 12 | Aluno: MAURO CARLOS DE SA
Email Aluno: ENVIADO
Email Admin: ENVIADO
==============================
==== SUCESSO FINAL (2025-05-13 15:21:23) ====
ID: 13 | Aluno: MAURO CARLOS DE SA
Email Aluno: ENVIADO (smtp)
Email Admin: ENVIADO (smtp)
==============================
==== SUCESSO FINAL (2025-05-13 17:04:38) ====
ID: 14 | Aluno: MAURO CARLOS DE SA
Email Aluno: ENVIADO (smtp)
Email Admin: ENVIADO (smtp)
==============================
==== SUCESSO FINAL (2025-05-13 17:27:32) ====
ID: 15 | Aluno: MAURO CARLOS DE SA
Email Aluno: ENVIADO (smtp)
Email Admin: ENVIADO (smtp)
==============================
==== SUCESSO FINAL (2025-05-13 17:37:13) ====
ID: 16 | Aluno: MAURO CARLOS DE SA
Email Aluno: ENVIADO (smtp)
Email Admin: ENVIADO (smtp)
==============================
==== SUCESSO FINAL (2025-05-15 15:02:59) ====
ID: 17 | Aluno: TESTE 1
Email Aluno: ENVIADO (smtp)
Email Admin: ENVIADO (smtp)
==============================
==== SUCESSO FINAL (2025-05-15 15:44:02) ====
ID: 18 | Aluno: Carlos Santos
Email Aluno: ENVIADO (smtp)
Email Admin: ENVIADO (smtp)
==============================
==== SUCESSO FINAL (2025-05-15 17:26:47) ====
ID: 19 | Aluno: queila  reis da silva 
Email Aluno: ENVIADO (smtp)
Email Admin: ENVIADO (smtp)
==============================
==== SUCESSO FINAL (2025-05-15 18:34:17) ====
ID: 20 | Aluno: MICHELY   SILVA DE OLIVEIRA VIANA
Email Aluno: ENVIADO (smtp)
Email Admin: ENVIADO (smtp)
==============================
==== SUCESSO FINAL (2025-05-15 18:38:47) ====
ID: 21 | Aluno: RUCIENE  DE SOUZA
Email Aluno: ENVIADO (smtp)
Email Admin: ENVIADO (smtp)
==============================
==== SUCESSO FINAL (2025-05-15 18:51:49) ====
ID: 22 | Aluno: MILENA  DA SILVA SANTOS
Email Aluno: ENVIADO (smtp)
Email Admin: ENVIADO (smtp)
==============================
==== SUCESSO FINAL (2025-05-15 19:43:37) ====
ID: 23 | Aluno: TANIA  NOMINATO LIMA
Email Aluno: ENVIADO (smtp)
Email Admin: ENVIADO (smtp)
==============================
==== SUCESSO FINAL (2025-05-15 19:45:52) ====
ID: 24 | Aluno: ELLY  ESTUMANO FARIAS
Email Aluno: ENVIADO (smtp)
Email Admin: ENVIADO (smtp)
==============================
==== SUCESSO FINAL (2025-05-15 19:52:25) ====
ID: 25 | Aluno: YASMIN  FERREIRA GALVÃO
Email Aluno: ENVIADO (smtp)
Email Admin: ENVIADO (smtp)
==============================
==== SUCESSO FINAL (2025-05-15 19:54:06) ====
ID: 26 | Aluno: MARIA EDUARDA   FERREIRA DOS SANTOS
Email Aluno: ENVIADO (smtp)
Email Admin: ENVIADO (smtp)
==============================
==== SUCESSO FINAL (2025-05-15 19:55:54) ====
ID: 27 | Aluno: BEATRIZ  DA SILVA MACEDO
Email Aluno: ENVIADO (smtp)
Email Admin: ENVIADO (smtp)
==============================
==== SUCESSO FINAL (2025-05-15 19:59:40) ====
ID: 28 | Aluno: INAJARA   DIAS DE OLIVEIRA
Email Aluno: ENVIADO (smtp)
Email Admin: ENVIADO (smtp)
==============================
==== SUCESSO FINAL (2025-05-15 20:04:30) ====
ID: 29 | Aluno: RAILA  NASCIMENTO DE SENA
Email Aluno: ENVIADO (smtp)
Email Admin: ENVIADO (smtp)
==============================
==== SUCESSO FINAL (2025-05-15 20:07:04) ====
ID: 30 | Aluno: CRISTIANE   BATISTA NASCIMENTO
Email Aluno: ENVIADO (smtp)
Email Admin: ENVIADO (smtp)
==============================
==== SUCESSO FINAL (2025-05-15 20:10:30) ====
ID: 31 | Aluno: ADRIELLY  DA CRUZ BORGES DOS SANTOS
Email Aluno: ENVIADO (smtp)
Email Admin: ENVIADO (smtp)
==============================
==== SUCESSO FINAL (2025-05-15 20:13:18) ====
ID: 32 | Aluno: VANESSA  DO CARMO MOTA
Email Aluno: ENVIADO (smtp)
Email Admin: ENVIADO (smtp)
==============================
==== SUCESSO FINAL (2025-05-15 20:28:31) ====
ID: 33 | Aluno: CYNTHIA CAROLINE CUNHA SANTOS CUNHA SANTOS
Email Aluno: ENVIADO (smtp)
Email Admin: ENVIADO (smtp)
==============================
==== SUCESSO FINAL (2025-05-15 20:31:43) ====
ID: 34 | Aluno: VITORIA  SOUSA PEREIRA
Email Aluno: ENVIADO (smtp)
Email Admin: ENVIADO (smtp)
==============================
==== SUCESSO FINAL (2025-05-15 20:37:18) ====
ID: 35 | Aluno: KATIANA GOMES CRUZ
Email Aluno: ENVIADO (smtp)
Email Admin: ENVIADO (smtp)
==============================
==== SUCESSO FINAL (2025-05-16 19:57:55) ====
ID: 36 | Aluno: Geovana  Lima alves
Email Aluno: ENVIADO (smtp)
Email Admin: ENVIADO (smtp)
==============================
==== SUCESSO FINAL (2025-05-16 19:58:57) ====
ID: 37 | Aluno: Vitória Sousa Pereira 
Email Aluno: ENVIADO (smtp)
Email Admin: ENVIADO (smtp)
==============================
==== SUCESSO FINAL (2025-05-16 20:02:51) ====
ID: 38 | Aluno: Diely  Maranhão 
Email Aluno: ENVIADO (smtp)
Email Admin: ENVIADO (smtp)
==============================
==== SUCESSO FINAL (2025-05-16 20:07:59) ====
ID: 39 | Aluno: Jhennfyr Valadares 
Email Aluno: ENVIADO (smtp)
Email Admin: ENVIADO (smtp)
==============================
==== SUCESSO FINAL (2025-05-16 20:10:59) ====
ID: 40 | Aluno: Kauany vitória  Vitória 
Email Aluno: ENVIADO (smtp)
Email Admin: ENVIADO (smtp)
==============================
==== SUCESSO FINAL (2025-05-16 20:14:19) ====
ID: 41 | Aluno: Maria Eduarda Silva martins 
Email Aluno: ENVIADO (smtp)
Email Admin: ENVIADO (smtp)
==============================
==== SUCESSO FINAL (2025-05-16 20:16:00) ====
ID: 42 | Aluno: Vanessa do Carmo  Mota
Email Aluno: ENVIADO (smtp)
Email Admin: ENVIADO (smtp)
==============================
==== SUCESSO FINAL (2025-05-16 20:18:16) ====
ID: 43 | Aluno: Vanessa do Carmo Mota
Email Aluno: ENVIADO (smtp)
Email Admin: ENVIADO (smtp)
==============================
==== SUCESSO FINAL (2025-05-16 20:27:26) ====
ID: 44 | Aluno: Yandra  Carine 
Email Aluno: ENVIADO (smtp)
Email Admin: ENVIADO (smtp)
==============================
==== SUCESSO FINAL (2025-05-16 20:30:43) ====
ID: 45 | Aluno: Wectory  Cley Lima da Costa
Email Aluno: ENVIADO (smtp)
Email Admin: ENVIADO (smtp)
==============================
==== SUCESSO FINAL (2025-05-16 20:31:18) ====
ID: 46 | Aluno: Yandra  Carine 
Email Aluno: ENVIADO (smtp)
Email Admin: ENVIADO (smtp)
==============================
==== SUCESSO FINAL (2025-05-16 20:33:45) ====
ID: 47 | Aluno: Cassiane  Bispo Carmo 
Email Aluno: ENVIADO (smtp)
Email Admin: ENVIADO (smtp)
==============================
==== SUCESSO FINAL (2025-05-16 20:34:07) ====
ID: 48 | Aluno: Rebeca  Almeida Sousa Brasil 
Email Aluno: ENVIADO (smtp)
Email Admin: ENVIADO (smtp)
==============================
==== SUCESSO FINAL (2025-05-16 20:57:02) ====
ID: 49 | Aluno: Natália  Bezerra Ferreira 
Email Aluno: ENVIADO (smtp)
Email Admin: ENVIADO (smtp)
==============================
==== SUCESSO FINAL (2025-05-16 21:19:53) ====
ID: 50 | Aluno: Francineide Brandão  Brandão Cunha 
Email Aluno: ENVIADO (smtp)
Email Admin: ENVIADO (smtp)
==============================
==== SUCESSO FINAL (2025-05-16 21:23:40) ====
ID: 50 | Aluno: Francineide Brandão Cunha
Email Aluno: ENVIADO (smtp)
Email Admin: ENVIADO (smtp)
==============================
==== SUCESSO FINAL (2025-05-16 22:42:40) ====
ID: 51 | Aluno: Sileia  Da Costa  Rodrigues de Sousa 
Email Aluno: ENVIADO (smtp)
Email Admin: ENVIADO (smtp)
==============================
==== SUCESSO FINAL (2025-05-16 23:59:53) ====
ID: 52 | Aluno: ARLETIANE  MARANGUAPE DA SILVA SANTOS
Email Aluno: ENVIADO (smtp)
Email Admin: ENVIADO (smtp)
==============================
==== SUCESSO FINAL (2025-05-17 00:57:29) ====
ID: 53 | Aluno: Ariana  Cipriano 
Email Aluno: ENVIADO (smtp)
Email Admin: ENVIADO (smtp)
==============================
==== SUCESSO FINAL (2025-05-17 01:45:20) ====
ID: 54 | Aluno: Gesianne Alves Mourão 
Email Aluno: ENVIADO (smtp)
Email Admin: ENVIADO (smtp)
==============================
==== SUCESSO FINAL (2025-05-17 02:11:54) ====
ID: 55 | Aluno: Rafael   Araújo Dos Santos 
Email Aluno: ENVIADO (smtp)
Email Admin: ENVIADO (smtp)
==============================
==== SUCESSO FINAL (2025-05-17 03:16:23) ====
ID: 56 | Aluno: JAQUELINA SOUSA  SILVA 
Email Aluno: ENVIADO (smtp)
Email Admin: ENVIADO (smtp)
==============================
==== SUCESSO FINAL (2025-05-17 11:38:57) ====
ID: 57 | Aluno: Luana  Gaia Barbosa 
Email Aluno: ENVIADO (smtp)
Email Admin: ENVIADO (smtp)
==============================
==== SUCESSO FINAL (2025-05-17 11:47:56) ====
ID: 58 | Aluno: Leidiane maia trindade  Maia 
Email Aluno: ENVIADO (smtp)
Email Admin: ENVIADO (smtp)
==============================
==== SUCESSO FINAL (2025-05-17 19:55:46) ====
ID: 59 | Aluno: Maria de Fátima  Pinto Gonçalves 
Email Aluno: ENVIADO (smtp)
Email Admin: ENVIADO (smtp)
==============================
==== SUCESSO FINAL (2025-05-18 12:03:03) ====
ID: 60 | Aluno: Suliane   Sacramento ferreira 
Email Aluno: ENVIADO (smtp)
Email Admin: ENVIADO (smtp)
==============================
==== SUCESSO FINAL (2025-05-18 12:10:08) ====
ID: 61 | Aluno: Andrielly da cruz Borges  Dos santos 
Email Aluno: ENVIADO (smtp)
Email Admin: ENVIADO (smtp)
==============================
==== SUCESSO FINAL (2025-05-18 13:45:15) ====
ID: 62 | Aluno: Valéria da Silva dos Santos  Silva 
Email Aluno: ENVIADO (smtp)
Email Admin: ENVIADO (smtp)
==============================
