==== EMAIL ADMIN SMTP (2025-05-13 15:16:10) ====
Para: magalhaeseducacao.aedu@gmail.com | Resultado: ENVIADO
==============================
==== EMAIL ADMIN (2025-05-13 15:21:23) ====
Método: smtp | Para: magalhaeseducacao.aedu@gmail.com | Resultado: ENVIADO
==============================
==== EMAIL ADMIN (2025-05-13 17:04:38) ====
Método: smtp | Para: magalhaeseducacao.aedu@gmail.com | Resultado: ENVIADO
==============================
==== EMAIL ADMIN (2025-05-13 17:27:32) ====
Método: smtp | Para: magalhaeseducacao.aedu@gmail.com | Resultado: ENVIADO
==============================
==== EMAIL ADMIN (2025-05-13 17:37:13) ====
Método: smtp | Para: magalhaeseducacao.aedu@gmail.com | Resultado: ENVIADO
==============================
==== EMAIL ADMIN (2025-05-15 15:02:59) ====
Método: smtp | Para: magalhaeseducacao.aedu@gmail.com | Resultado: ENVIADO
==============================
==== EMAIL ADMIN (2025-05-15 15:44:02) ====
Método: smtp | Para: magalhaeseducacao.aedu@gmail.com | Resultado: ENVIADO
==============================
==== EMAIL ADMIN (2025-05-15 17:26:47) ====
Método: smtp | Para: magalhaeseducacao.aedu@gmail.com | Resultado: ENVIADO
==============================
==== EMAIL ADMIN (2025-05-15 18:34:17) ====
Método: smtp | Para: magalhaeseducacao.aedu@gmail.com | Resultado: ENVIADO
==============================
==== EMAIL ADMIN (2025-05-15 18:38:47) ====
Método: smtp | Para: magalhaeseducacao.aedu@gmail.com | Resultado: ENVIADO
==============================
==== EMAIL ADMIN (2025-05-15 18:51:49) ====
Método: smtp | Para: magalhaeseducacao.aedu@gmail.com | Resultado: ENVIADO
==============================
==== EMAIL ADMIN (2025-05-15 19:43:37) ====
Método: smtp | Para: magalhaeseducacao.aedu@gmail.com | Resultado: ENVIADO
==============================
==== EMAIL ADMIN (2025-05-15 19:45:52) ====
Método: smtp | Para: magalhaeseducacao.aedu@gmail.com | Resultado: ENVIADO
==============================
==== EMAIL ADMIN (2025-05-15 19:52:25) ====
Método: smtp | Para: magalhaeseducacao.aedu@gmail.com | Resultado: ENVIADO
==============================
==== EMAIL ADMIN (2025-05-15 19:54:06) ====
Método: smtp | Para: magalhaeseducacao.aedu@gmail.com | Resultado: ENVIADO
==============================
==== EMAIL ADMIN (2025-05-15 19:55:54) ====
Método: smtp | Para: magalhaeseducacao.aedu@gmail.com | Resultado: ENVIADO
==============================
==== EMAIL ADMIN (2025-05-15 19:59:40) ====
Método: smtp | Para: magalhaeseducacao.aedu@gmail.com | Resultado: ENVIADO
==============================
==== EMAIL ADMIN (2025-05-15 20:04:30) ====
Método: smtp | Para: magalhaeseducacao.aedu@gmail.com | Resultado: ENVIADO
==============================
==== EMAIL ADMIN (2025-05-15 20:07:04) ====
Método: smtp | Para: magalhaeseducacao.aedu@gmail.com | Resultado: ENVIADO
==============================
==== EMAIL ADMIN (2025-05-15 20:10:30) ====
Método: smtp | Para: magalhaeseducacao.aedu@gmail.com | Resultado: ENVIADO
==============================
==== EMAIL ADMIN (2025-05-15 20:13:18) ====
Método: smtp | Para: magalhaeseducacao.aedu@gmail.com | Resultado: ENVIADO
==============================
==== EMAIL ADMIN (2025-05-15 20:28:31) ====
Método: smtp | Para: magalhaeseducacao.aedu@gmail.com | Resultado: ENVIADO
==============================
==== EMAIL ADMIN (2025-05-15 20:31:43) ====
Método: smtp | Para: magalhaeseducacao.aedu@gmail.com | Resultado: ENVIADO
==============================
==== EMAIL ADMIN (2025-05-15 20:37:18) ====
Método: smtp | Para: magalhaeseducacao.aedu@gmail.com | Resultado: ENVIADO
==============================
==== EMAIL ADMIN (2025-05-16 19:57:55) ====
Método: smtp | Para: magalhaeseducacao.aedu@gmail.com | Resultado: ENVIADO
==============================
==== EMAIL ADMIN (2025-05-16 19:58:57) ====
Método: smtp | Para: magalhaeseducacao.aedu@gmail.com | Resultado: ENVIADO
==============================
==== EMAIL ADMIN (2025-05-16 20:02:51) ====
Método: smtp | Para: magalhaeseducacao.aedu@gmail.com | Resultado: ENVIADO
==============================
==== EMAIL ADMIN (2025-05-16 20:07:59) ====
Método: smtp | Para: magalhaeseducacao.aedu@gmail.com | Resultado: ENVIADO
==============================
==== EMAIL ADMIN (2025-05-16 20:10:59) ====
Método: smtp | Para: magalhaeseducacao.aedu@gmail.com | Resultado: ENVIADO
==============================
==== EMAIL ADMIN (2025-05-16 20:14:19) ====
Método: smtp | Para: magalhaeseducacao.aedu@gmail.com | Resultado: ENVIADO
==============================
==== EMAIL ADMIN (2025-05-16 20:16:00) ====
Método: smtp | Para: magalhaeseducacao.aedu@gmail.com | Resultado: ENVIADO
==============================
==== EMAIL ADMIN (2025-05-16 20:18:16) ====
Método: smtp | Para: magalhaeseducacao.aedu@gmail.com | Resultado: ENVIADO
==============================
==== EMAIL ADMIN (2025-05-16 20:27:26) ====
Método: smtp | Para: magalhaeseducacao.aedu@gmail.com | Resultado: ENVIADO
==============================
==== EMAIL ADMIN (2025-05-16 20:30:43) ====
Método: smtp | Para: magalhaeseducacao.aedu@gmail.com | Resultado: ENVIADO
==============================
==== EMAIL ADMIN (2025-05-16 20:31:18) ====
Método: smtp | Para: magalhaeseducacao.aedu@gmail.com | Resultado: ENVIADO
==============================
==== EMAIL ADMIN (2025-05-16 20:33:45) ====
Método: smtp | Para: magalhaeseducacao.aedu@gmail.com | Resultado: ENVIADO
==============================
==== EMAIL ADMIN (2025-05-16 20:34:07) ====
Método: smtp | Para: magalhaeseducacao.aedu@gmail.com | Resultado: ENVIADO
==============================
==== EMAIL ADMIN (2025-05-16 20:57:02) ====
Método: smtp | Para: magalhaeseducacao.aedu@gmail.com | Resultado: ENVIADO
==============================
==== EMAIL ADMIN (2025-05-16 21:19:53) ====
Método: smtp | Para: magalhaeseducacao.aedu@gmail.com | Resultado: ENVIADO
==============================
==== EMAIL ADMIN (2025-05-16 21:23:40) ====
Método: smtp | Para: magalhaeseducacao.aedu@gmail.com | Resultado: ENVIADO
==============================
==== EMAIL ADMIN (2025-05-16 22:42:40) ====
Método: smtp | Para: magalhaeseducacao.aedu@gmail.com | Resultado: ENVIADO
==============================
==== EMAIL ADMIN (2025-05-16 23:59:53) ====
Método: smtp | Para: magalhaeseducacao.aedu@gmail.com | Resultado: ENVIADO
==============================
==== EMAIL ADMIN (2025-05-17 00:57:29) ====
Método: smtp | Para: magalhaeseducacao.aedu@gmail.com | Resultado: ENVIADO
==============================
==== EMAIL ADMIN (2025-05-17 01:45:20) ====
Método: smtp | Para: magalhaeseducacao.aedu@gmail.com | Resultado: ENVIADO
==============================
==== EMAIL ADMIN (2025-05-17 02:11:54) ====
Método: smtp | Para: magalhaeseducacao.aedu@gmail.com | Resultado: ENVIADO
==============================
==== EMAIL ADMIN (2025-05-17 03:16:23) ====
Método: smtp | Para: magalhaeseducacao.aedu@gmail.com | Resultado: ENVIADO
==============================
==== EMAIL ADMIN (2025-05-17 11:38:57) ====
Método: smtp | Para: magalhaeseducacao.aedu@gmail.com | Resultado: ENVIADO
==============================
==== EMAIL ADMIN (2025-05-17 11:47:56) ====
Método: smtp | Para: magalhaeseducacao.aedu@gmail.com | Resultado: ENVIADO
==============================
==== EMAIL ADMIN (2025-05-17 19:55:46) ====
Método: smtp | Para: magalhaeseducacao.aedu@gmail.com | Resultado: ENVIADO
==============================
==== EMAIL ADMIN (2025-05-18 12:03:03) ====
Método: smtp | Para: magalhaeseducacao.aedu@gmail.com | Resultado: ENVIADO
==============================
==== EMAIL ADMIN (2025-05-18 12:10:08) ====
Método: smtp | Para: magalhaeseducacao.aedu@gmail.com | Resultado: ENVIADO
==============================
==== EMAIL ADMIN (2025-05-18 13:45:15) ====
Método: smtp | Para: magalhaeseducacao.aedu@gmail.com | Resultado: ENVIADO
==============================
